#
# There is insufficient memory for the Java Runtime Environment to continue.
# Native memory allocation (malloc) failed to allocate 843776 bytes. Error detail: Chunk::new
# Possible reasons:
#   The system is out of physical RAM or swap space
#   This process is running with CompressedOops enabled, and the Java Heap may be blocking the growth of the native heap
# Possible solutions:
#   Reduce memory load on the system
#   Increase physical memory or swap space
#   Check if swap backing store is full
#   Decrease Java heap size (-Xmx/-Xms)
#   Decrease number of Java threads
#   Decrease Java thread stack sizes (-Xss)
#   Set larger code cache with -XX:ReservedCodeCacheSize=
#   JVM is running with Zero Based Compressed Oops mode in which the Java heap is
#     placed in the first 32GB address space. The Java Heap base address is the
#     maximum limit for the native heap growth. Please use -XX:HeapBaseMinAddress
#     to set the Java Heap base and to place the Java Heap above 32GB virtual address.
# This output file may be truncated or incomplete.
#
#  Out of Memory Error (arena.cpp:168), pid=13308, tid=14024
#
# JRE version: OpenJDK Runtime Environment (21.0.3) (build 21.0.3+-12282718-b509.11)
# Java VM: OpenJDK 64-Bit Server VM (21.0.3+-12282718-b509.11, mixed mode, tiered, compressed oops, compressed class ptrs, g1 gc, windows-amd64)
# No core dump will be written. Minidumps are not enabled by default on client versions of Windows
#

---------------  S U M M A R Y ------------

Command Line: org.jetbrains.kotlin.cli.jvm.K2JVMCompiler @C:\Users\pc\AndroidStudioProjects\Fooddelivery\app\build\20250108_9200982396013487632.compiler.options

Host: 11th Gen Intel(R) Core(TM) i5-1145G7 @ 2.60GHz, 8 cores, 15G,  Windows 10 , 64 bit Build 19041 (10.0.19041.5198)
Time: Wed Jan  8 23:50:15 2025 Paris, Madrid elapsed time: 28.339618 seconds (0d 0h 0m 28s)

---------------  T H R E A D  ---------------

Current thread (0x00000243746ad990):  JavaThread "C2 CompilerThread1" daemon [_thread_in_native, id=14024, stack(0x000000e85dc00000,0x000000e85dd00000) (1024K)]


Current CompileTask:
C2:  28339 21879       4       org.jetbrains.kotlin.codegen.optimization.DeadCodeEliminationMethodTransformer::transform (116 bytes)

Stack: [0x000000e85dc00000,0x000000e85dd00000]
Native frames: (J=compiled Java code, j=interpreted, Vv=VM code, C=native code)
V  [jvm.dll+0x6cafb9]
V  [jvm.dll+0x858523]
V  [jvm.dll+0x85aa7e]
V  [jvm.dll+0x85b163]
V  [jvm.dll+0x27d356]
V  [jvm.dll+0xbf93d]
V  [jvm.dll+0xbfe73]
V  [jvm.dll+0x2f0eb1]
V  [jvm.dll+0x5f5a39]
V  [jvm.dll+0x24fad2]
V  [jvm.dll+0x24855a]
V  [jvm.dll+0x245fce]
V  [jvm.dll+0x1c5804]
V  [jvm.dll+0x25575c]
V  [jvm.dll+0x253c36]
V  [jvm.dll+0x3ec996]
V  [jvm.dll+0x800d78]
V  [jvm.dll+0x6c98cd]
C  [ucrtbase.dll+0x21bb2]
C  [KERNEL32.DLL+0x17374]
C  [ntdll.dll+0x4cc91]


---------------  P R O C E S S  ---------------

Threads class SMR info:
_java_thread_list=0x0000024375cc4560, length=13, elements={
0x0000024343f9ae70, 0x00000243600b08e0, 0x000002436008ffe0, 0x00000243600b0f50,
0x00000243600b16b0, 0x00000243600b1e10, 0x00000243600cb980, 0x00000243600cc320,
0x000002436009dfa0, 0x000002436026e5e0, 0x0000024360278370, 0x00000243746ad990,
0x00000243746aa9e0
}

Java Threads: ( => current thread )
  0x0000024343f9ae70 JavaThread "main"                              [_thread_in_vm, id=1864, stack(0x000000e85ca00000,0x000000e85cb00000) (1024K)]
  0x00000243600b08e0 JavaThread "Reference Handler"          daemon [_thread_blocked, id=10468, stack(0x000000e85d200000,0x000000e85d300000) (1024K)]
  0x000002436008ffe0 JavaThread "Finalizer"                  daemon [_thread_blocked, id=6492, stack(0x000000e85d300000,0x000000e85d400000) (1024K)]
  0x00000243600b0f50 JavaThread "Signal Dispatcher"          daemon [_thread_blocked, id=1180, stack(0x000000e85d400000,0x000000e85d500000) (1024K)]
  0x00000243600b16b0 JavaThread "Attach Listener"            daemon [_thread_blocked, id=5392, stack(0x000000e85d500000,0x000000e85d600000) (1024K)]
  0x00000243600b1e10 JavaThread "Service Thread"             daemon [_thread_blocked, id=11552, stack(0x000000e85d600000,0x000000e85d700000) (1024K)]
  0x00000243600cb980 JavaThread "Monitor Deflation Thread"   daemon [_thread_blocked, id=17464, stack(0x000000e85d700000,0x000000e85d800000) (1024K)]
  0x00000243600cc320 JavaThread "C2 CompilerThread0"         daemon [_thread_in_native, id=3748, stack(0x000000e85d800000,0x000000e85d900000) (1024K)]
  0x000002436009dfa0 JavaThread "C1 CompilerThread0"         daemon [_thread_in_native, id=13352, stack(0x000000e85d900000,0x000000e85da00000) (1024K)]
  0x000002436026e5e0 JavaThread "Notification Thread"        daemon [_thread_blocked, id=8716, stack(0x000000e85da00000,0x000000e85db00000) (1024K)]
  0x0000024360278370 JavaThread "Common-Cleaner"             daemon [_thread_blocked, id=9936, stack(0x000000e85db00000,0x000000e85dc00000) (1024K)]
=>0x00000243746ad990 JavaThread "C2 CompilerThread1"         daemon [_thread_in_native, id=14024, stack(0x000000e85dc00000,0x000000e85dd00000) (1024K)]
  0x00000243746aa9e0 JavaThread "C2 CompilerThread2"         daemon [_thread_in_native, id=17644, stack(0x000000e85e500000,0x000000e85e600000) (1024K)]
Total: 13

Other Threads:
  0x000002435fec3560 VMThread "VM Thread"                           [id=16156, stack(0x000000e85d100000,0x000000e85d200000) (1024K)]
  0x000002435fe78630 WatcherThread "VM Periodic Task Thread"        [id=2068, stack(0x000000e85d000000,0x000000e85d100000) (1024K)]
  0x00000243460fefa0 WorkerThread "GC Thread#0"                     [id=15016, stack(0x000000e85cb00000,0x000000e85cc00000) (1024K)]
  0x0000024360aa09a0 WorkerThread "GC Thread#1"                     [id=4720, stack(0x000000e85dd00000,0x000000e85de00000) (1024K)]
  0x0000024360b05700 WorkerThread "GC Thread#2"                     [id=5036, stack(0x000000e85de00000,0x000000e85df00000) (1024K)]
  0x0000024360b05aa0 WorkerThread "GC Thread#3"                     [id=8316, stack(0x000000e85df00000,0x000000e85e000000) (1024K)]
  0x0000024360b05e40 WorkerThread "GC Thread#4"                     [id=9684, stack(0x000000e85e000000,0x000000e85e100000) (1024K)]
  0x0000024360b061e0 WorkerThread "GC Thread#5"                     [id=18176, stack(0x000000e85e100000,0x000000e85e200000) (1024K)]
  0x0000024360bd64d0 WorkerThread "GC Thread#6"                     [id=16996, stack(0x000000e85e200000,0x000000e85e300000) (1024K)]
  0x0000024360bd6870 WorkerThread "GC Thread#7"                     [id=6880, stack(0x000000e85e300000,0x000000e85e400000) (1024K)]
  0x000002434610fb20 ConcurrentGCThread "G1 Main Marker"            [id=14312, stack(0x000000e85cc00000,0x000000e85cd00000) (1024K)]
  0x0000024346110eb0 WorkerThread "G1 Conc#0"                       [id=8032, stack(0x000000e85cd00000,0x000000e85ce00000) (1024K)]
  0x0000024360bd6130 WorkerThread "G1 Conc#1"                       [id=15804, stack(0x000000e85e400000,0x000000e85e500000) (1024K)]
  0x000002435fd49510 ConcurrentGCThread "G1 Refine#0"               [id=16012, stack(0x000000e85ce00000,0x000000e85cf00000) (1024K)]
  0x000002434616e300 ConcurrentGCThread "G1 Service"                [id=6440, stack(0x000000e85cf00000,0x000000e85d000000) (1024K)]
Total: 15

Threads with active compile tasks:
C2 CompilerThread0    28386 21909       4       org.jetbrains.org.objectweb.asm.Type::getDescriptor (93 bytes)
C1 CompilerThread0    28386 21933       3       org.jetbrains.kotlin.codegen.inline.MethodInliner::transformCaptured (504 bytes)
C2 CompilerThread1    28386 21879       4       org.jetbrains.kotlin.codegen.optimization.DeadCodeEliminationMethodTransformer::transform (116 bytes)
C2 CompilerThread2    28386 21904 %     4       org.jetbrains.kotlin.codegen.optimization.temporaryVals.TemporaryValsAnalyzer::analyze @ 260 (1247 bytes)
Total: 4

VM state: not at safepoint (normal execution)

VM Mutex/Monitor currently owned by a thread: None

Heap address: 0x0000000702600000, size: 4058 MB, Compressed Oops mode: Zero based, Oop shift amount: 3

CDS archive(s) not mapped
Compressed class space mapped at: 0x0000000800000000-0x0000000840000000, reserved size: 1073741824
Narrow klass base: 0x0000000800000000, Narrow klass shift: 0, Narrow klass range: 0x40000000

GC Precious Log:
 CardTable entry size: 512
 Card Set container configuration: InlinePtr #cards 4 size 8 Array Of Cards #cards 16 size 48 Howl #buckets 8 coarsen threshold 3686 Howl Bitmap #cards 512 size 80 coarsen threshold 460 Card regions per heap region 1 cards per card region 4096
 CPUs: 8 total, 8 available
 Memory: 16226M
 Large Page Support: Disabled
 NUMA Support: Disabled
 Compressed Oops: Enabled (Zero based)
 Heap Region Size: 2M
 Heap Min Capacity: 8M
 Heap Initial Capacity: 254M
 Heap Max Capacity: 4058M
 Pre-touch: Disabled
 Parallel Workers: 8
 Concurrent Workers: 2
 Concurrent Refinement Workers: 8
 Periodic GC: Disabled

Heap:
 garbage-first heap   total 475136K, used 285883K [0x0000000702600000, 0x0000000800000000)
  region size 2048K, 15 young (30720K), 7 survivors (14336K)
 Metaspace       used 99619K, committed 100032K, reserved 1179648K
  class space    used 9987K, committed 10176K, reserved 1048576K

Heap Regions: E=young(eden), S=young(survivor), O=old, HS=humongous(starts), HC=humongous(continues), CS=collection set, F=free, TAMS=top-at-mark-start, PB=parsable bottom
|   0|0x0000000702600000, 0x0000000702800000, 0x0000000702800000|100%|HS|  |TAMS 0x0000000702600000| PB 0x0000000702600000| Complete 
|   1|0x0000000702800000, 0x0000000702a00000, 0x0000000702a00000|100%|HC|  |TAMS 0x0000000702800000| PB 0x0000000702800000| Complete 
|   2|0x0000000702a00000, 0x0000000702c00000, 0x0000000702c00000|100%| O|  |TAMS 0x0000000702a00000| PB 0x0000000702a00000| Untracked 
|   3|0x0000000702c00000, 0x0000000702e00000, 0x0000000702e00000|100%| O|  |TAMS 0x0000000702c00000| PB 0x0000000702c00000| Untracked 
|   4|0x0000000702e00000, 0x0000000703000000, 0x0000000703000000|100%| O|  |TAMS 0x0000000702e00000| PB 0x0000000702e00000| Untracked 
|   5|0x0000000703000000, 0x0000000703200000, 0x0000000703200000|100%| O|  |TAMS 0x0000000703000000| PB 0x0000000703000000| Untracked 
|   6|0x0000000703200000, 0x0000000703400000, 0x0000000703400000|100%| O|  |TAMS 0x0000000703200000| PB 0x0000000703200000| Untracked 
|   7|0x0000000703400000, 0x0000000703600000, 0x0000000703600000|100%| O|  |TAMS 0x0000000703400000| PB 0x0000000703400000| Untracked 
|   8|0x0000000703600000, 0x0000000703800000, 0x0000000703800000|100%| O|  |TAMS 0x0000000703600000| PB 0x0000000703600000| Untracked 
|   9|0x0000000703800000, 0x0000000703a00000, 0x0000000703a00000|100%| O|  |TAMS 0x0000000703800000| PB 0x0000000703800000| Untracked 
|  10|0x0000000703a00000, 0x0000000703c00000, 0x0000000703c00000|100%| O|  |TAMS 0x0000000703a00000| PB 0x0000000703a00000| Untracked 
|  11|0x0000000703c00000, 0x0000000703e00000, 0x0000000703e00000|100%| O|  |TAMS 0x0000000703c00000| PB 0x0000000703c00000| Untracked 
|  12|0x0000000703e00000, 0x0000000704000000, 0x0000000704000000|100%| O|  |TAMS 0x0000000703e00000| PB 0x0000000703e00000| Untracked 
|  13|0x0000000704000000, 0x0000000704200000, 0x0000000704200000|100%| O|  |TAMS 0x0000000704000000| PB 0x0000000704000000| Untracked 
|  14|0x0000000704200000, 0x0000000704400000, 0x0000000704400000|100%| O|  |TAMS 0x0000000704200000| PB 0x0000000704200000| Untracked 
|  15|0x0000000704400000, 0x0000000704600000, 0x0000000704600000|100%| O|  |TAMS 0x0000000704400000| PB 0x0000000704400000| Untracked 
|  16|0x0000000704600000, 0x0000000704800000, 0x0000000704800000|100%| O|  |TAMS 0x0000000704600000| PB 0x0000000704600000| Untracked 
|  17|0x0000000704800000, 0x0000000704a00000, 0x0000000704a00000|100%| O|  |TAMS 0x0000000704800000| PB 0x0000000704800000| Untracked 
|  18|0x0000000704a00000, 0x0000000704c00000, 0x0000000704c00000|100%| O|  |TAMS 0x0000000704a00000| PB 0x0000000704a00000| Untracked 
|  19|0x0000000704c00000, 0x0000000704e00000, 0x0000000704e00000|100%| O|  |TAMS 0x0000000704c00000| PB 0x0000000704c00000| Untracked 
|  20|0x0000000704e00000, 0x0000000705000000, 0x0000000705000000|100%| O|  |TAMS 0x0000000704e00000| PB 0x0000000704e00000| Untracked 
|  21|0x0000000705000000, 0x0000000705200000, 0x0000000705200000|100%| O|  |TAMS 0x0000000705000000| PB 0x0000000705000000| Untracked 
|  22|0x0000000705200000, 0x0000000705400000, 0x0000000705400000|100%| O|  |TAMS 0x0000000705200000| PB 0x0000000705200000| Untracked 
|  23|0x0000000705400000, 0x0000000705600000, 0x0000000705600000|100%| O|  |TAMS 0x0000000705400000| PB 0x0000000705400000| Untracked 
|  24|0x0000000705600000, 0x0000000705800000, 0x0000000705800000|100%| O|  |TAMS 0x0000000705600000| PB 0x0000000705600000| Untracked 
|  25|0x0000000705800000, 0x0000000705a00000, 0x0000000705a00000|100%| O|  |TAMS 0x0000000705800000| PB 0x0000000705800000| Untracked 
|  26|0x0000000705a00000, 0x0000000705c00000, 0x0000000705c00000|100%| O|  |TAMS 0x0000000705a00000| PB 0x0000000705a00000| Untracked 
|  27|0x0000000705c00000, 0x0000000705e00000, 0x0000000705e00000|100%| O|  |TAMS 0x0000000705c00000| PB 0x0000000705c00000| Untracked 
|  28|0x0000000705e00000, 0x0000000706000000, 0x0000000706000000|100%| O|  |TAMS 0x0000000705e00000| PB 0x0000000705e00000| Untracked 
|  29|0x0000000706000000, 0x0000000706200000, 0x0000000706200000|100%| O|  |TAMS 0x0000000706000000| PB 0x0000000706000000| Untracked 
|  30|0x0000000706200000, 0x0000000706400000, 0x0000000706400000|100%| O|  |TAMS 0x0000000706200000| PB 0x0000000706200000| Untracked 
|  31|0x0000000706400000, 0x0000000706600000, 0x0000000706600000|100%| O|  |TAMS 0x0000000706400000| PB 0x0000000706400000| Untracked 
|  32|0x0000000706600000, 0x0000000706800000, 0x0000000706800000|100%| O|  |TAMS 0x0000000706600000| PB 0x0000000706600000| Untracked 
|  33|0x0000000706800000, 0x0000000706a00000, 0x0000000706a00000|100%| O|  |TAMS 0x0000000706800000| PB 0x0000000706800000| Untracked 
|  34|0x0000000706a00000, 0x0000000706c00000, 0x0000000706c00000|100%| O|  |TAMS 0x0000000706a00000| PB 0x0000000706a00000| Untracked 
|  35|0x0000000706c00000, 0x0000000706e00000, 0x0000000706e00000|100%| O|  |TAMS 0x0000000706c00000| PB 0x0000000706c00000| Untracked 
|  36|0x0000000706e00000, 0x0000000707000000, 0x0000000707000000|100%| O|  |TAMS 0x0000000706e00000| PB 0x0000000706e00000| Untracked 
|  37|0x0000000707000000, 0x0000000707200000, 0x0000000707200000|100%| O|  |TAMS 0x0000000707000000| PB 0x0000000707000000| Untracked 
|  38|0x0000000707200000, 0x0000000707400000, 0x0000000707400000|100%| O|  |TAMS 0x0000000707200000| PB 0x0000000707200000| Untracked 
|  39|0x0000000707400000, 0x0000000707600000, 0x0000000707600000|100%| O|  |TAMS 0x0000000707400000| PB 0x0000000707400000| Untracked 
|  40|0x0000000707600000, 0x0000000707800000, 0x0000000707800000|100%| O|  |TAMS 0x0000000707600000| PB 0x0000000707600000| Untracked 
|  41|0x0000000707800000, 0x0000000707a00000, 0x0000000707a00000|100%| O|  |TAMS 0x0000000707800000| PB 0x0000000707800000| Untracked 
|  42|0x0000000707a00000, 0x0000000707c00000, 0x0000000707c00000|100%| O|  |TAMS 0x0000000707a00000| PB 0x0000000707a00000| Untracked 
|  43|0x0000000707c00000, 0x0000000707e00000, 0x0000000707e00000|100%| O|  |TAMS 0x0000000707c00000| PB 0x0000000707c00000| Untracked 
|  44|0x0000000707e00000, 0x0000000708000000, 0x0000000708000000|100%| O|  |TAMS 0x0000000707e00000| PB 0x0000000707e00000| Untracked 
|  45|0x0000000708000000, 0x0000000708200000, 0x0000000708200000|100%| O|  |TAMS 0x0000000708000000| PB 0x0000000708000000| Untracked 
|  46|0x0000000708200000, 0x0000000708400000, 0x0000000708400000|100%| O|  |TAMS 0x0000000708200000| PB 0x0000000708200000| Untracked 
|  47|0x0000000708400000, 0x0000000708600000, 0x0000000708600000|100%| O|  |TAMS 0x0000000708400000| PB 0x0000000708400000| Untracked 
|  48|0x0000000708600000, 0x0000000708800000, 0x0000000708800000|100%| O|  |TAMS 0x0000000708600000| PB 0x0000000708600000| Untracked 
|  49|0x0000000708800000, 0x0000000708a00000, 0x0000000708a00000|100%| O|  |TAMS 0x0000000708800000| PB 0x0000000708800000| Untracked 
|  50|0x0000000708a00000, 0x0000000708c00000, 0x0000000708c00000|100%| O|Cm|TAMS 0x0000000708a00000| PB 0x0000000708a00000| Complete 
|  51|0x0000000708c00000, 0x0000000708e00000, 0x0000000708e00000|100%| O|  |TAMS 0x0000000708c00000| PB 0x0000000708c00000| Untracked 
|  52|0x0000000708e00000, 0x0000000709000000, 0x0000000709000000|100%| O|  |TAMS 0x0000000708e00000| PB 0x0000000708e00000| Untracked 
|  53|0x0000000709000000, 0x0000000709200000, 0x0000000709200000|100%| O|  |TAMS 0x0000000709000000| PB 0x0000000709000000| Untracked 
|  54|0x0000000709200000, 0x0000000709400000, 0x0000000709400000|100%| O|  |TAMS 0x0000000709200000| PB 0x0000000709200000| Untracked 
|  55|0x0000000709400000, 0x0000000709600000, 0x0000000709600000|100%| O|  |TAMS 0x0000000709400000| PB 0x0000000709400000| Untracked 
|  56|0x0000000709600000, 0x0000000709800000, 0x0000000709800000|100%| O|  |TAMS 0x0000000709600000| PB 0x0000000709600000| Untracked 
|  57|0x0000000709800000, 0x0000000709a00000, 0x0000000709a00000|100%| O|  |TAMS 0x0000000709800000| PB 0x0000000709800000| Untracked 
|  58|0x0000000709a00000, 0x0000000709c00000, 0x0000000709c00000|100%| O|  |TAMS 0x0000000709a00000| PB 0x0000000709a00000| Untracked 
|  59|0x0000000709c00000, 0x0000000709e00000, 0x0000000709e00000|100%| O|  |TAMS 0x0000000709c00000| PB 0x0000000709c00000| Untracked 
|  60|0x0000000709e00000, 0x000000070a000000, 0x000000070a000000|100%| O|  |TAMS 0x0000000709e00000| PB 0x0000000709e00000| Untracked 
|  61|0x000000070a000000, 0x000000070a200000, 0x000000070a200000|100%| O|  |TAMS 0x000000070a000000| PB 0x000000070a000000| Untracked 
|  62|0x000000070a200000, 0x000000070a400000, 0x000000070a400000|100%| O|  |TAMS 0x000000070a200000| PB 0x000000070a200000| Untracked 
|  63|0x000000070a400000, 0x000000070a600000, 0x000000070a600000|100%| O|  |TAMS 0x000000070a400000| PB 0x000000070a400000| Untracked 
|  64|0x000000070a600000, 0x000000070a800000, 0x000000070a800000|100%| O|  |TAMS 0x000000070a600000| PB 0x000000070a600000| Untracked 
|  65|0x000000070a800000, 0x000000070aa00000, 0x000000070aa00000|100%| O|  |TAMS 0x000000070a800000| PB 0x000000070a800000| Untracked 
|  66|0x000000070aa00000, 0x000000070ac00000, 0x000000070ac00000|100%| O|  |TAMS 0x000000070aa00000| PB 0x000000070aa00000| Untracked 
|  67|0x000000070ac00000, 0x000000070ae00000, 0x000000070ae00000|100%| O|  |TAMS 0x000000070ac00000| PB 0x000000070ac00000| Untracked 
|  68|0x000000070ae00000, 0x000000070b000000, 0x000000070b000000|100%| O|  |TAMS 0x000000070ae00000| PB 0x000000070ae00000| Untracked 
|  69|0x000000070b000000, 0x000000070b200000, 0x000000070b200000|100%| O|  |TAMS 0x000000070b000000| PB 0x000000070b000000| Untracked 
|  70|0x000000070b200000, 0x000000070b400000, 0x000000070b400000|100%| O|  |TAMS 0x000000070b200000| PB 0x000000070b200000| Untracked 
|  71|0x000000070b400000, 0x000000070b600000, 0x000000070b600000|100%| O|  |TAMS 0x000000070b400000| PB 0x000000070b400000| Untracked 
|  72|0x000000070b600000, 0x000000070b800000, 0x000000070b800000|100%| O|  |TAMS 0x000000070b600000| PB 0x000000070b600000| Untracked 
|  73|0x000000070b800000, 0x000000070ba00000, 0x000000070ba00000|100%| O|  |TAMS 0x000000070b800000| PB 0x000000070b800000| Untracked 
|  74|0x000000070ba00000, 0x000000070bc00000, 0x000000070bc00000|100%| O|  |TAMS 0x000000070ba00000| PB 0x000000070ba00000| Untracked 
|  75|0x000000070bc00000, 0x000000070be00000, 0x000000070be00000|100%| O|  |TAMS 0x000000070bc00000| PB 0x000000070bc00000| Untracked 
|  76|0x000000070be00000, 0x000000070c000000, 0x000000070c000000|100%| O|  |TAMS 0x000000070be00000| PB 0x000000070be00000| Untracked 
|  77|0x000000070c000000, 0x000000070c200000, 0x000000070c200000|100%| O|  |TAMS 0x000000070c000000| PB 0x000000070c000000| Untracked 
|  78|0x000000070c200000, 0x000000070c400000, 0x000000070c400000|100%| O|  |TAMS 0x000000070c200000| PB 0x000000070c200000| Untracked 
|  79|0x000000070c400000, 0x000000070c600000, 0x000000070c600000|100%| O|  |TAMS 0x000000070c400000| PB 0x000000070c400000| Untracked 
|  80|0x000000070c600000, 0x000000070c800000, 0x000000070c800000|100%| O|  |TAMS 0x000000070c600000| PB 0x000000070c600000| Untracked 
|  81|0x000000070c800000, 0x000000070ca00000, 0x000000070ca00000|100%| O|  |TAMS 0x000000070c800000| PB 0x000000070c800000| Untracked 
|  82|0x000000070ca00000, 0x000000070cc00000, 0x000000070cc00000|100%| O|  |TAMS 0x000000070ca00000| PB 0x000000070ca00000| Untracked 
|  83|0x000000070cc00000, 0x000000070ce00000, 0x000000070ce00000|100%| O|  |TAMS 0x000000070cc00000| PB 0x000000070cc00000| Untracked 
|  84|0x000000070ce00000, 0x000000070d000000, 0x000000070d000000|100%| O|  |TAMS 0x000000070ce00000| PB 0x000000070ce00000| Untracked 
|  85|0x000000070d000000, 0x000000070d200000, 0x000000070d200000|100%| O|  |TAMS 0x000000070d000000| PB 0x000000070d000000| Untracked 
|  86|0x000000070d200000, 0x000000070d400000, 0x000000070d400000|100%| O|  |TAMS 0x000000070d200000| PB 0x000000070d200000| Untracked 
|  87|0x000000070d400000, 0x000000070d600000, 0x000000070d600000|100%| O|  |TAMS 0x000000070d400000| PB 0x000000070d400000| Untracked 
|  88|0x000000070d600000, 0x000000070d800000, 0x000000070d800000|100%| O|  |TAMS 0x000000070d600000| PB 0x000000070d600000| Untracked 
|  89|0x000000070d800000, 0x000000070da00000, 0x000000070da00000|100%| O|  |TAMS 0x000000070d800000| PB 0x000000070d800000| Untracked 
|  90|0x000000070da00000, 0x000000070dc00000, 0x000000070dc00000|100%| O|  |TAMS 0x000000070da00000| PB 0x000000070da00000| Untracked 
|  91|0x000000070dc00000, 0x000000070de00000, 0x000000070de00000|100%| O|  |TAMS 0x000000070dc00000| PB 0x000000070dc00000| Untracked 
|  92|0x000000070de00000, 0x000000070e000000, 0x000000070e000000|100%| O|  |TAMS 0x000000070de00000| PB 0x000000070de00000| Untracked 
|  93|0x000000070e000000, 0x000000070e200000, 0x000000070e200000|100%| O|  |TAMS 0x000000070e000000| PB 0x000000070e000000| Untracked 
|  94|0x000000070e200000, 0x000000070e400000, 0x000000070e400000|100%| O|  |TAMS 0x000000070e200000| PB 0x000000070e200000| Untracked 
|  95|0x000000070e400000, 0x000000070e600000, 0x000000070e600000|100%| O|  |TAMS 0x000000070e400000| PB 0x000000070e400000| Untracked 
|  96|0x000000070e600000, 0x000000070e800000, 0x000000070e800000|100%| O|  |TAMS 0x000000070e600000| PB 0x000000070e600000| Untracked 
|  97|0x000000070e800000, 0x000000070ea00000, 0x000000070ea00000|100%| O|  |TAMS 0x000000070e800000| PB 0x000000070e800000| Untracked 
|  98|0x000000070ea00000, 0x000000070ec00000, 0x000000070ec00000|100%| O|  |TAMS 0x000000070ea00000| PB 0x000000070ea00000| Untracked 
|  99|0x000000070ec00000, 0x000000070ee00000, 0x000000070ee00000|100%| O|  |TAMS 0x000000070ec00000| PB 0x000000070ec00000| Untracked 
| 100|0x000000070ee00000, 0x000000070f000000, 0x000000070f000000|100%| O|  |TAMS 0x000000070ee00000| PB 0x000000070ee00000| Untracked 
| 101|0x000000070f000000, 0x000000070f200000, 0x000000070f200000|100%| O|  |TAMS 0x000000070f000000| PB 0x000000070f000000| Untracked 
| 102|0x000000070f200000, 0x000000070f400000, 0x000000070f400000|100%| O|  |TAMS 0x000000070f200000| PB 0x000000070f200000| Untracked 
| 103|0x000000070f400000, 0x000000070f600000, 0x000000070f600000|100%| O|Cm|TAMS 0x000000070f400000| PB 0x000000070f400000| Complete 
| 104|0x000000070f600000, 0x000000070f800000, 0x000000070f800000|100%| O|  |TAMS 0x000000070f600000| PB 0x000000070f600000| Untracked 
| 105|0x000000070f800000, 0x000000070fa00000, 0x000000070fa00000|100%| O|  |TAMS 0x000000070f800000| PB 0x000000070f800000| Untracked 
| 106|0x000000070fa00000, 0x000000070fc00000, 0x000000070fc00000|100%| O|  |TAMS 0x000000070fa00000| PB 0x000000070fa00000| Untracked 
| 107|0x000000070fc00000, 0x000000070fe00000, 0x000000070fe00000|100%| O|Cm|TAMS 0x000000070fc00000| PB 0x000000070fc00000| Complete 
| 108|0x000000070fe00000, 0x0000000710000000, 0x0000000710000000|100%| O|  |TAMS 0x000000070fe00000| PB 0x000000070fe00000| Untracked 
| 109|0x0000000710000000, 0x0000000710200000, 0x0000000710200000|100%| O|  |TAMS 0x0000000710000000| PB 0x0000000710000000| Untracked 
| 110|0x0000000710200000, 0x0000000710400000, 0x0000000710400000|100%| O|  |TAMS 0x0000000710200000| PB 0x0000000710200000| Untracked 
| 111|0x0000000710400000, 0x0000000710600000, 0x0000000710600000|100%| O|  |TAMS 0x0000000710400000| PB 0x0000000710400000| Untracked 
| 112|0x0000000710600000, 0x0000000710800000, 0x0000000710800000|100%| O|  |TAMS 0x0000000710600000| PB 0x0000000710600000| Untracked 
| 113|0x0000000710800000, 0x0000000710a00000, 0x0000000710a00000|100%| O|  |TAMS 0x0000000710800000| PB 0x0000000710800000| Untracked 
| 114|0x0000000710a00000, 0x0000000710c00000, 0x0000000710c00000|100%| O|  |TAMS 0x0000000710a00000| PB 0x0000000710a00000| Untracked 
| 115|0x0000000710c00000, 0x0000000710e00000, 0x0000000710e00000|100%| O|  |TAMS 0x0000000710c00000| PB 0x0000000710c00000| Untracked 
| 116|0x0000000710e00000, 0x0000000711000000, 0x0000000711000000|100%| O|  |TAMS 0x0000000710e00000| PB 0x0000000710e00000| Untracked 
| 117|0x0000000711000000, 0x0000000711200000, 0x0000000711200000|100%| O|  |TAMS 0x0000000711000000| PB 0x0000000711000000| Untracked 
| 118|0x0000000711200000, 0x0000000711400000, 0x0000000711400000|100%| O|  |TAMS 0x0000000711200000| PB 0x0000000711200000| Untracked 
| 119|0x0000000711400000, 0x0000000711600000, 0x0000000711600000|100%| O|  |TAMS 0x0000000711400000| PB 0x0000000711400000| Untracked 
| 120|0x0000000711600000, 0x0000000711800000, 0x0000000711800000|100%| O|  |TAMS 0x0000000711600000| PB 0x0000000711600000| Untracked 
| 121|0x0000000711800000, 0x0000000711a00000, 0x0000000711a00000|100%| O|  |TAMS 0x0000000711800000| PB 0x0000000711800000| Untracked 
| 122|0x0000000711a00000, 0x0000000711c00000, 0x0000000711c00000|100%| O|  |TAMS 0x0000000711a00000| PB 0x0000000711a00000| Untracked 
| 123|0x0000000711c00000, 0x0000000711e00000, 0x0000000711e00000|100%| O|  |TAMS 0x0000000711c00000| PB 0x0000000711c00000| Untracked 
| 124|0x0000000711e00000, 0x0000000712000000, 0x0000000712000000|100%| O|Cm|TAMS 0x0000000711e00000| PB 0x0000000711e00000| Complete 
| 125|0x0000000712000000, 0x0000000712076dd0, 0x0000000712200000| 23%| O|  |TAMS 0x0000000712000000| PB 0x0000000712000000| Untracked 
| 126|0x0000000712200000, 0x0000000712200000, 0x0000000712400000|  0%| F|  |TAMS 0x0000000712200000| PB 0x0000000712200000| Untracked 
| 127|0x0000000712400000, 0x0000000712400000, 0x0000000712600000|  0%| F|  |TAMS 0x0000000712400000| PB 0x0000000712400000| Untracked 
| 128|0x0000000712600000, 0x0000000712600000, 0x0000000712800000|  0%| F|  |TAMS 0x0000000712600000| PB 0x0000000712600000| Untracked 
| 129|0x0000000712800000, 0x0000000712800000, 0x0000000712a00000|  0%| F|  |TAMS 0x0000000712800000| PB 0x0000000712800000| Untracked 
| 130|0x0000000712a00000, 0x0000000712a00000, 0x0000000712c00000|  0%| F|  |TAMS 0x0000000712a00000| PB 0x0000000712a00000| Untracked 
| 131|0x0000000712c00000, 0x0000000712c00000, 0x0000000712e00000|  0%| F|  |TAMS 0x0000000712c00000| PB 0x0000000712c00000| Untracked 
| 132|0x0000000712e00000, 0x0000000712e00000, 0x0000000713000000|  0%| F|  |TAMS 0x0000000712e00000| PB 0x0000000712e00000| Untracked 
| 133|0x0000000713000000, 0x0000000713000000, 0x0000000713200000|  0%| F|  |TAMS 0x0000000713000000| PB 0x0000000713000000| Untracked 
| 134|0x0000000713200000, 0x0000000713200000, 0x0000000713400000|  0%| F|  |TAMS 0x0000000713200000| PB 0x0000000713200000| Untracked 
| 135|0x0000000713400000, 0x0000000713400000, 0x0000000713600000|  0%| F|  |TAMS 0x0000000713400000| PB 0x0000000713400000| Untracked 
| 136|0x0000000713600000, 0x0000000713600000, 0x0000000713800000|  0%| F|  |TAMS 0x0000000713600000| PB 0x0000000713600000| Untracked 
| 137|0x0000000713800000, 0x0000000713800000, 0x0000000713a00000|  0%| F|  |TAMS 0x0000000713800000| PB 0x0000000713800000| Untracked 
| 138|0x0000000713a00000, 0x0000000713a00000, 0x0000000713c00000|  0%| F|  |TAMS 0x0000000713a00000| PB 0x0000000713a00000| Untracked 
| 139|0x0000000713c00000, 0x0000000713c00000, 0x0000000713e00000|  0%| F|  |TAMS 0x0000000713c00000| PB 0x0000000713c00000| Untracked 
| 140|0x0000000713e00000, 0x0000000713e00000, 0x0000000714000000|  0%| F|  |TAMS 0x0000000713e00000| PB 0x0000000713e00000| Untracked 
| 141|0x0000000714000000, 0x0000000714000000, 0x0000000714200000|  0%| F|  |TAMS 0x0000000714000000| PB 0x0000000714000000| Untracked 
| 142|0x0000000714200000, 0x0000000714200000, 0x0000000714400000|  0%| F|  |TAMS 0x0000000714200000| PB 0x0000000714200000| Untracked 
| 143|0x0000000714400000, 0x0000000714400000, 0x0000000714600000|  0%| F|  |TAMS 0x0000000714400000| PB 0x0000000714400000| Untracked 
| 144|0x0000000714600000, 0x0000000714600000, 0x0000000714800000|  0%| F|  |TAMS 0x0000000714600000| PB 0x0000000714600000| Untracked 
| 145|0x0000000714800000, 0x0000000714800000, 0x0000000714a00000|  0%| F|  |TAMS 0x0000000714800000| PB 0x0000000714800000| Untracked 
| 146|0x0000000714a00000, 0x0000000714a00000, 0x0000000714c00000|  0%| F|  |TAMS 0x0000000714a00000| PB 0x0000000714a00000| Untracked 
| 147|0x0000000714c00000, 0x0000000714c00000, 0x0000000714e00000|  0%| F|  |TAMS 0x0000000714c00000| PB 0x0000000714c00000| Untracked 
| 148|0x0000000714e00000, 0x0000000714e00000, 0x0000000715000000|  0%| F|  |TAMS 0x0000000714e00000| PB 0x0000000714e00000| Untracked 
| 149|0x0000000715000000, 0x0000000715000000, 0x0000000715200000|  0%| F|  |TAMS 0x0000000715000000| PB 0x0000000715000000| Untracked 
| 150|0x0000000715200000, 0x0000000715200000, 0x0000000715400000|  0%| F|  |TAMS 0x0000000715200000| PB 0x0000000715200000| Untracked 
| 151|0x0000000715400000, 0x0000000715400000, 0x0000000715600000|  0%| F|  |TAMS 0x0000000715400000| PB 0x0000000715400000| Untracked 
| 152|0x0000000715600000, 0x0000000715600000, 0x0000000715800000|  0%| F|  |TAMS 0x0000000715600000| PB 0x0000000715600000| Untracked 
| 153|0x0000000715800000, 0x0000000715800000, 0x0000000715a00000|  0%| F|  |TAMS 0x0000000715800000| PB 0x0000000715800000| Untracked 
| 154|0x0000000715a00000, 0x0000000715a00000, 0x0000000715c00000|  0%| F|  |TAMS 0x0000000715a00000| PB 0x0000000715a00000| Untracked 
| 155|0x0000000715c00000, 0x0000000715c00000, 0x0000000715e00000|  0%| F|  |TAMS 0x0000000715c00000| PB 0x0000000715c00000| Untracked 
| 156|0x0000000715e00000, 0x0000000715e00000, 0x0000000716000000|  0%| F|  |TAMS 0x0000000715e00000| PB 0x0000000715e00000| Untracked 
| 157|0x0000000716000000, 0x0000000716000000, 0x0000000716200000|  0%| F|  |TAMS 0x0000000716000000| PB 0x0000000716000000| Untracked 
| 158|0x0000000716200000, 0x0000000716200000, 0x0000000716400000|  0%| F|  |TAMS 0x0000000716200000| PB 0x0000000716200000| Untracked 
| 159|0x0000000716400000, 0x0000000716400000, 0x0000000716600000|  0%| F|  |TAMS 0x0000000716400000| PB 0x0000000716400000| Untracked 
| 160|0x0000000716600000, 0x0000000716600000, 0x0000000716800000|  0%| F|  |TAMS 0x0000000716600000| PB 0x0000000716600000| Untracked 
| 161|0x0000000716800000, 0x0000000716800000, 0x0000000716a00000|  0%| F|  |TAMS 0x0000000716800000| PB 0x0000000716800000| Untracked 
| 162|0x0000000716a00000, 0x0000000716a00000, 0x0000000716c00000|  0%| F|  |TAMS 0x0000000716a00000| PB 0x0000000716a00000| Untracked 
| 163|0x0000000716c00000, 0x0000000716c00000, 0x0000000716e00000|  0%| F|  |TAMS 0x0000000716c00000| PB 0x0000000716c00000| Untracked 
| 164|0x0000000716e00000, 0x0000000716e00000, 0x0000000717000000|  0%| F|  |TAMS 0x0000000716e00000| PB 0x0000000716e00000| Untracked 
| 165|0x0000000717000000, 0x0000000717000000, 0x0000000717200000|  0%| F|  |TAMS 0x0000000717000000| PB 0x0000000717000000| Untracked 
| 166|0x0000000717200000, 0x0000000717200000, 0x0000000717400000|  0%| F|  |TAMS 0x0000000717200000| PB 0x0000000717200000| Untracked 
| 167|0x0000000717400000, 0x0000000717400000, 0x0000000717600000|  0%| F|  |TAMS 0x0000000717400000| PB 0x0000000717400000| Untracked 
| 168|0x0000000717600000, 0x0000000717600000, 0x0000000717800000|  0%| F|  |TAMS 0x0000000717600000| PB 0x0000000717600000| Untracked 
| 169|0x0000000717800000, 0x0000000717800000, 0x0000000717a00000|  0%| F|  |TAMS 0x0000000717800000| PB 0x0000000717800000| Untracked 
| 170|0x0000000717a00000, 0x0000000717a00000, 0x0000000717c00000|  0%| F|  |TAMS 0x0000000717a00000| PB 0x0000000717a00000| Untracked 
| 171|0x0000000717c00000, 0x0000000717c00000, 0x0000000717e00000|  0%| F|  |TAMS 0x0000000717c00000| PB 0x0000000717c00000| Untracked 
| 172|0x0000000717e00000, 0x0000000717e00000, 0x0000000718000000|  0%| F|  |TAMS 0x0000000717e00000| PB 0x0000000717e00000| Untracked 
| 173|0x0000000718000000, 0x0000000718000000, 0x0000000718200000|  0%| F|  |TAMS 0x0000000718000000| PB 0x0000000718000000| Untracked 
| 174|0x0000000718200000, 0x0000000718200000, 0x0000000718400000|  0%| F|  |TAMS 0x0000000718200000| PB 0x0000000718200000| Untracked 
| 175|0x0000000718400000, 0x0000000718400000, 0x0000000718600000|  0%| F|  |TAMS 0x0000000718400000| PB 0x0000000718400000| Untracked 
| 176|0x0000000718600000, 0x0000000718600000, 0x0000000718800000|  0%| F|  |TAMS 0x0000000718600000| PB 0x0000000718600000| Untracked 
| 177|0x0000000718800000, 0x0000000718800000, 0x0000000718a00000|  0%| F|  |TAMS 0x0000000718800000| PB 0x0000000718800000| Untracked 
| 178|0x0000000718a00000, 0x0000000718a00000, 0x0000000718c00000|  0%| F|  |TAMS 0x0000000718a00000| PB 0x0000000718a00000| Untracked 
| 179|0x0000000718c00000, 0x0000000718c00000, 0x0000000718e00000|  0%| F|  |TAMS 0x0000000718c00000| PB 0x0000000718c00000| Untracked 
| 180|0x0000000718e00000, 0x0000000718e00000, 0x0000000719000000|  0%| F|  |TAMS 0x0000000718e00000| PB 0x0000000718e00000| Untracked 
| 181|0x0000000719000000, 0x0000000719000000, 0x0000000719200000|  0%| F|  |TAMS 0x0000000719000000| PB 0x0000000719000000| Untracked 
| 182|0x0000000719200000, 0x0000000719200000, 0x0000000719400000|  0%| F|  |TAMS 0x0000000719200000| PB 0x0000000719200000| Untracked 
| 183|0x0000000719400000, 0x0000000719400000, 0x0000000719600000|  0%| F|  |TAMS 0x0000000719400000| PB 0x0000000719400000| Untracked 
| 184|0x0000000719600000, 0x0000000719600000, 0x0000000719800000|  0%| F|  |TAMS 0x0000000719600000| PB 0x0000000719600000| Untracked 
| 185|0x0000000719800000, 0x0000000719800000, 0x0000000719a00000|  0%| F|  |TAMS 0x0000000719800000| PB 0x0000000719800000| Untracked 
| 186|0x0000000719a00000, 0x0000000719a00000, 0x0000000719c00000|  0%| F|  |TAMS 0x0000000719a00000| PB 0x0000000719a00000| Untracked 
| 187|0x0000000719c00000, 0x0000000719c00000, 0x0000000719e00000|  0%| F|  |TAMS 0x0000000719c00000| PB 0x0000000719c00000| Untracked 
| 188|0x0000000719e00000, 0x0000000719e00000, 0x000000071a000000|  0%| F|  |TAMS 0x0000000719e00000| PB 0x0000000719e00000| Untracked 
| 189|0x000000071a000000, 0x000000071a000000, 0x000000071a200000|  0%| F|  |TAMS 0x000000071a000000| PB 0x000000071a000000| Untracked 
| 190|0x000000071a200000, 0x000000071a200000, 0x000000071a400000|  0%| F|  |TAMS 0x000000071a200000| PB 0x000000071a200000| Untracked 
| 191|0x000000071a400000, 0x000000071a400000, 0x000000071a600000|  0%| F|  |TAMS 0x000000071a400000| PB 0x000000071a400000| Untracked 
| 192|0x000000071a600000, 0x000000071a600000, 0x000000071a800000|  0%| F|  |TAMS 0x000000071a600000| PB 0x000000071a600000| Untracked 
| 193|0x000000071a800000, 0x000000071a800000, 0x000000071aa00000|  0%| F|  |TAMS 0x000000071a800000| PB 0x000000071a800000| Untracked 
| 194|0x000000071aa00000, 0x000000071aa00000, 0x000000071ac00000|  0%| F|  |TAMS 0x000000071aa00000| PB 0x000000071aa00000| Untracked 
| 195|0x000000071ac00000, 0x000000071ac00000, 0x000000071ae00000|  0%| F|  |TAMS 0x000000071ac00000| PB 0x000000071ac00000| Untracked 
| 196|0x000000071ae00000, 0x000000071ae00000, 0x000000071b000000|  0%| F|  |TAMS 0x000000071ae00000| PB 0x000000071ae00000| Untracked 
| 197|0x000000071b000000, 0x000000071b000000, 0x000000071b200000|  0%| F|  |TAMS 0x000000071b000000| PB 0x000000071b000000| Untracked 
| 198|0x000000071b200000, 0x000000071b200000, 0x000000071b400000|  0%| F|  |TAMS 0x000000071b200000| PB 0x000000071b200000| Untracked 
| 199|0x000000071b400000, 0x000000071b4b7ed0, 0x000000071b600000| 35%| S|CS|TAMS 0x000000071b400000| PB 0x000000071b400000| Complete 
| 200|0x000000071b600000, 0x000000071b800000, 0x000000071b800000|100%| S|CS|TAMS 0x000000071b600000| PB 0x000000071b600000| Complete 
| 201|0x000000071b800000, 0x000000071ba00000, 0x000000071ba00000|100%| S|CS|TAMS 0x000000071b800000| PB 0x000000071b800000| Complete 
| 202|0x000000071ba00000, 0x000000071bc00000, 0x000000071bc00000|100%| S|CS|TAMS 0x000000071ba00000| PB 0x000000071ba00000| Complete 
| 203|0x000000071bc00000, 0x000000071be00000, 0x000000071be00000|100%| S|CS|TAMS 0x000000071bc00000| PB 0x000000071bc00000| Complete 
| 204|0x000000071be00000, 0x000000071c000000, 0x000000071c000000|100%| S|CS|TAMS 0x000000071be00000| PB 0x000000071be00000| Complete 
| 205|0x000000071c000000, 0x000000071c200000, 0x000000071c200000|100%| S|CS|TAMS 0x000000071c000000| PB 0x000000071c000000| Complete 
| 206|0x000000071c200000, 0x000000071c200000, 0x000000071c400000|  0%| F|  |TAMS 0x000000071c200000| PB 0x000000071c200000| Untracked 
| 207|0x000000071c400000, 0x000000071c400000, 0x000000071c600000|  0%| F|  |TAMS 0x000000071c400000| PB 0x000000071c400000| Untracked 
| 208|0x000000071c600000, 0x000000071c600000, 0x000000071c800000|  0%| F|  |TAMS 0x000000071c600000| PB 0x000000071c600000| Untracked 
| 209|0x000000071c800000, 0x000000071c800000, 0x000000071ca00000|  0%| F|  |TAMS 0x000000071c800000| PB 0x000000071c800000| Untracked 
| 210|0x000000071ca00000, 0x000000071ca00000, 0x000000071cc00000|  0%| F|  |TAMS 0x000000071ca00000| PB 0x000000071ca00000| Untracked 
| 211|0x000000071cc00000, 0x000000071cc00000, 0x000000071ce00000|  0%| F|  |TAMS 0x000000071cc00000| PB 0x000000071cc00000| Untracked 
| 212|0x000000071ce00000, 0x000000071ce00000, 0x000000071d000000|  0%| F|  |TAMS 0x000000071ce00000| PB 0x000000071ce00000| Untracked 
| 213|0x000000071d000000, 0x000000071d000000, 0x000000071d200000|  0%| F|  |TAMS 0x000000071d000000| PB 0x000000071d000000| Untracked 
| 214|0x000000071d200000, 0x000000071d200000, 0x000000071d400000|  0%| F|  |TAMS 0x000000071d200000| PB 0x000000071d200000| Untracked 
| 215|0x000000071d400000, 0x000000071d400000, 0x000000071d600000|  0%| F|  |TAMS 0x000000071d400000| PB 0x000000071d400000| Untracked 
| 216|0x000000071d600000, 0x000000071d600000, 0x000000071d800000|  0%| F|  |TAMS 0x000000071d600000| PB 0x000000071d600000| Untracked 
| 217|0x000000071d800000, 0x000000071d800000, 0x000000071da00000|  0%| F|  |TAMS 0x000000071d800000| PB 0x000000071d800000| Untracked 
| 218|0x000000071da00000, 0x000000071da00000, 0x000000071dc00000|  0%| F|  |TAMS 0x000000071da00000| PB 0x000000071da00000| Untracked 
| 219|0x000000071dc00000, 0x000000071dc00000, 0x000000071de00000|  0%| F|  |TAMS 0x000000071dc00000| PB 0x000000071dc00000| Untracked 
| 220|0x000000071de00000, 0x000000071de00000, 0x000000071e000000|  0%| F|  |TAMS 0x000000071de00000| PB 0x000000071de00000| Untracked 
| 221|0x000000071e000000, 0x000000071e000000, 0x000000071e200000|  0%| F|  |TAMS 0x000000071e000000| PB 0x000000071e000000| Untracked 
| 222|0x000000071e200000, 0x000000071e200000, 0x000000071e400000|  0%| F|  |TAMS 0x000000071e200000| PB 0x000000071e200000| Untracked 
| 223|0x000000071e400000, 0x000000071e600000, 0x000000071e600000|100%| E|  |TAMS 0x000000071e400000| PB 0x000000071e400000| Complete 
| 224|0x000000071e600000, 0x000000071e800000, 0x000000071e800000|100%| E|CS|TAMS 0x000000071e600000| PB 0x000000071e600000| Complete 
| 225|0x000000071e800000, 0x000000071ea00000, 0x000000071ea00000|100%| E|CS|TAMS 0x000000071e800000| PB 0x000000071e800000| Complete 
| 226|0x000000071ea00000, 0x000000071ec00000, 0x000000071ec00000|100%| E|CS|TAMS 0x000000071ea00000| PB 0x000000071ea00000| Complete 
| 227|0x000000071ec00000, 0x000000071ee00000, 0x000000071ee00000|100%| E|CS|TAMS 0x000000071ec00000| PB 0x000000071ec00000| Complete 
| 228|0x000000071ee00000, 0x000000071f000000, 0x000000071f000000|100%| E|CS|TAMS 0x000000071ee00000| PB 0x000000071ee00000| Complete 
| 229|0x000000071f000000, 0x000000071f200000, 0x000000071f200000|100%| E|CS|TAMS 0x000000071f000000| PB 0x000000071f000000| Complete 
| 230|0x000000071f200000, 0x000000071f400000, 0x000000071f400000|100%| E|CS|TAMS 0x000000071f200000| PB 0x000000071f200000| Complete 
|2028|0x00000007ffe00000, 0x0000000800000000, 0x0000000800000000|100%| O|  |TAMS 0x00000007ffe00000| PB 0x00000007ffe00000| Untracked 

Card table byte_map: [0x0000024358d20000,0x0000024359510000] _byte_map_base: 0x000002435550d000

Marking Bits: (CMBitMap*) 0x00000243460ff4b0
 Bits: [0x0000024359510000, 0x000002435d478000)

Polling page: 0x0000024344210000

Metaspace:

Usage:
  Non-class:     87.53 MB used.
      Class:      9.75 MB used.
       Both:     97.29 MB used.

Virtual space:
  Non-class space:      128.00 MB reserved,      87.75 MB ( 69%) committed,  2 nodes.
      Class space:        1.00 GB reserved,       9.94 MB ( <1%) committed,  1 nodes.
             Both:        1.12 GB reserved,      97.69 MB (  8%) committed. 

Chunk freelists:
   Non-Class:  8.22 MB
       Class:  6.08 MB
        Both:  14.30 MB

MaxMetaspaceSize: unlimited
CompressedClassSpaceSize: 1.00 GB
Initial GC threshold: 21.00 MB
Current GC threshold: 162.75 MB
CDS: off
 - commit_granule_bytes: 65536.
 - commit_granule_words: 8192.
 - virtual_space_node_default_size: 8388608.
 - enlarge_chunks_in_place: 1.
 - use_allocation_guard: 0.


Internal statistics:

num_allocs_failed_limit: 6.
num_arena_births: 492.
num_arena_deaths: 0.
num_vsnodes_births: 3.
num_vsnodes_deaths: 0.
num_space_committed: 1561.
num_space_uncommitted: 0.
num_chunks_returned_to_freelist: 6.
num_chunks_taken_from_freelist: 3722.
num_chunk_merges: 6.
num_chunk_splits: 3068.
num_chunks_enlarged: 2734.
num_inconsistent_stats: 0.

CodeHeap 'non-profiled nmethods': size=120000Kb used=12423Kb max_used=14591Kb free=107576Kb
 bounds [0x0000024350cc0000, 0x0000024351b00000, 0x00000243581f0000]
CodeHeap 'profiled nmethods': size=120000Kb used=65353Kb max_used=74309Kb free=54646Kb
 bounds [0x00000243491f0000, 0x000002434da90000, 0x0000024350720000]
CodeHeap 'non-nmethods': size=5760Kb used=2108Kb max_used=2172Kb free=3651Kb
 bounds [0x0000024350720000, 0x0000024350990000, 0x0000024350cc0000]
 total_blobs=18212 nmethods=17362 adapters=748
 compilation: enabled
              stopped_count=0, restarted_count=0
 full_count=0

Compilation events (20 events):
Event: 28.245 Thread 0x00000243600cc320 21909       4       org.jetbrains.org.objectweb.asm.Type::getDescriptor (93 bytes)
Event: 28.247 Thread 0x000002436009dfa0 nmethod 21921 0x00000243492cd810 code [0x00000243492cddc0, 0x00000243492d0ba0]
Event: 28.247 Thread 0x000002436009dfa0 21925       3       org.jetbrains.kotlin.backend.jvm.codegen.ExpressionCodegen::generateNonNullAssertions (415 bytes)
Event: 28.257 Thread 0x000002436009dfa0 nmethod 21925 0x000002434b4bba90 code [0x000002434b4bc760, 0x000002434b4c3e48]
Event: 28.257 Thread 0x000002436009dfa0 21922       3       org.jetbrains.kotlin.backend.jvm.codegen.ClassCodegen::getRegeneratedObjectNameGenerator (135 bytes)
Event: 28.264 Thread 0x000002436009dfa0 nmethod 21922 0x00000243496d2690 code [0x00000243496d2a80, 0x00000243496d42e8]
Event: 28.264 Thread 0x000002436009dfa0 21923       3       org.jetbrains.kotlin.backend.jvm.codegen.LineNumberMapper::<init> (74 bytes)
Event: 28.266 Thread 0x000002436009dfa0 nmethod 21923 0x0000024349216190 code [0x0000024349216420, 0x0000024349216f28]
Event: 28.266 Thread 0x000002436009dfa0 21924       3       org.jetbrains.kotlin.backend.jvm.codegen.ExpressionCodegen::generate (250 bytes)
Event: 28.275 Thread 0x000002436009dfa0 nmethod 21924 0x000002434be30390 code [0x000002434be30a00, 0x000002434be33d78]
Event: 28.275 Thread 0x000002436009dfa0 21926       3       org.jetbrains.kotlin.backend.jvm.codegen.ExpressionCodegen::generateFakeContinuationConstructorIfNeeded (202 bytes)
Event: 28.284 Thread 0x000002436009dfa0 nmethod 21926 0x000002434b544690 code [0x000002434b544ce0, 0x000002434b547ad8]
Event: 28.284 Thread 0x000002436009dfa0 21927       3       org.jetbrains.kotlin.backend.jvm.codegen.VariableInfo::<init> (59 bytes)
Event: 28.288 Thread 0x000002436009dfa0 nmethod 21927 0x00000243492e6990 code [0x00000243492e6ce0, 0x00000243492e7ff0]
Event: 28.289 Thread 0x000002436009dfa0 21929       3       org.jetbrains.kotlin.backend.jvm.codegen.ExpressionCodegen::getFrameMap (8 bytes)
Event: 28.289 Thread 0x000002436009dfa0 nmethod 21929 0x0000024349245a90 code [0x0000024349245c20, 0x0000024349245d48]
Event: 28.289 Thread 0x000002436009dfa0 21928       3       org.jetbrains.kotlin.backend.jvm.codegen.ExpressionCodegen::generateStringConstant (156 bytes)
Event: 28.294 Thread 0x000002436009dfa0 nmethod 21928 0x00000243492ed910 code [0x00000243492edd20, 0x00000243492ef8f0]
Event: 28.302 Thread 0x000002436009dfa0 21930       3       org.jetbrains.kotlin.ir.util.AdditionalIrUtilsKt::getKotlinFqName (125 bytes)
Event: 28.313 Thread 0x000002436009dfa0 nmethod 21930 0x000002434b4fae10 code [0x000002434b4fb5c0, 0x000002434b4ff668]

GC Heap History (20 events):
Event: 8.047 GC heap before
{Heap before GC invocations=18 (full 0):
 garbage-first heap   total 190464K, used 159548K [0x0000000702600000, 0x0000000800000000)
  region size 2048K, 26 young (53248K), 5 survivors (10240K)
 Metaspace       used 57491K, committed 57792K, reserved 1114112K
  class space    used 6465K, committed 6592K, reserved 1048576K
}
Event: 8.058 GC heap after
{Heap after GC invocations=19 (full 0):
 garbage-first heap   total 190464K, used 130435K [0x0000000702600000, 0x0000000800000000)
  region size 2048K, 4 young (8192K), 4 survivors (8192K)
 Metaspace       used 57491K, committed 57792K, reserved 1114112K
  class space    used 6465K, committed 6592K, reserved 1048576K
}
Event: 8.154 GC heap before
{Heap before GC invocations=20 (full 0):
 garbage-first heap   total 235520K, used 165251K [0x0000000702600000, 0x0000000800000000)
  region size 2048K, 21 young (43008K), 4 survivors (8192K)
 Metaspace       used 57491K, committed 57792K, reserved 1114112K
  class space    used 6465K, committed 6592K, reserved 1048576K
}
Event: 8.164 GC heap after
{Heap after GC invocations=21 (full 0):
 garbage-first heap   total 235520K, used 141312K [0x0000000702600000, 0x0000000800000000)
  region size 2048K, 3 young (6144K), 3 survivors (6144K)
 Metaspace       used 57491K, committed 57792K, reserved 1114112K
  class space    used 6465K, committed 6592K, reserved 1048576K
}
Event: 8.978 GC heap before
{Heap before GC invocations=21 (full 0):
 garbage-first heap   total 235520K, used 196608K [0x0000000702600000, 0x0000000800000000)
  region size 2048K, 30 young (61440K), 3 survivors (6144K)
 Metaspace       used 58502K, committed 58816K, reserved 1114112K
  class space    used 6511K, committed 6656K, reserved 1048576K
}
Event: 8.991 GC heap after
{Heap after GC invocations=22 (full 0):
 garbage-first heap   total 471040K, used 152037K [0x0000000702600000, 0x0000000800000000)
  region size 2048K, 4 young (8192K), 4 survivors (8192K)
 Metaspace       used 58502K, committed 58816K, reserved 1114112K
  class space    used 6511K, committed 6656K, reserved 1048576K
}
Event: 12.813 GC heap before
{Heap before GC invocations=22 (full 0):
 garbage-first heap   total 471040K, used 317925K [0x0000000702600000, 0x0000000800000000)
  region size 2048K, 85 young (174080K), 4 survivors (8192K)
 Metaspace       used 63851K, committed 64128K, reserved 1114112K
  class space    used 7054K, committed 7168K, reserved 1048576K
}
Event: 12.845 GC heap after
{Heap after GC invocations=23 (full 0):
 garbage-first heap   total 471040K, used 173869K [0x0000000702600000, 0x0000000800000000)
  region size 2048K, 11 young (22528K), 11 survivors (22528K)
 Metaspace       used 63851K, committed 64128K, reserved 1114112K
  class space    used 7054K, committed 7168K, reserved 1048576K
}
Event: 14.920 GC heap before
{Heap before GC invocations=23 (full 0):
 garbage-first heap   total 471040K, used 360237K [0x0000000702600000, 0x0000000800000000)
  region size 2048K, 102 young (208896K), 11 survivors (22528K)
 Metaspace       used 67923K, committed 68288K, reserved 1114112K
  class space    used 7399K, committed 7552K, reserved 1048576K
}
Event: 14.967 GC heap after
{Heap after GC invocations=24 (full 0):
 garbage-first heap   total 471040K, used 213380K [0x0000000702600000, 0x0000000800000000)
  region size 2048K, 13 young (26624K), 13 survivors (26624K)
 Metaspace       used 67923K, committed 68288K, reserved 1114112K
  class space    used 7399K, committed 7552K, reserved 1048576K
}
Event: 15.507 GC heap before
{Heap before GC invocations=24 (full 0):
 garbage-first heap   total 471040K, used 225668K [0x0000000702600000, 0x0000000800000000)
  region size 2048K, 20 young (40960K), 13 survivors (26624K)
 Metaspace       used 68317K, committed 68672K, reserved 1114112K
  class space    used 7408K, committed 7552K, reserved 1048576K
}
Event: 15.532 GC heap after
{Heap after GC invocations=25 (full 0):
 garbage-first heap   total 471040K, used 220483K [0x0000000702600000, 0x0000000800000000)
  region size 2048K, 2 young (4096K), 2 survivors (4096K)
 Metaspace       used 68317K, committed 68672K, reserved 1114112K
  class space    used 7408K, committed 7552K, reserved 1048576K
}
Event: 19.535 GC heap before
{Heap before GC invocations=26 (full 0):
 garbage-first heap   total 471040K, used 394563K [0x0000000702600000, 0x0000000800000000)
  region size 2048K, 87 young (178176K), 2 survivors (4096K)
 Metaspace       used 80541K, committed 80896K, reserved 1179648K
  class space    used 8455K, committed 8576K, reserved 1048576K
}
Event: 19.589 GC heap after
{Heap after GC invocations=27 (full 0):
 garbage-first heap   total 471040K, used 245760K [0x0000000702600000, 0x0000000800000000)
  region size 2048K, 11 young (22528K), 11 survivors (22528K)
 Metaspace       used 80541K, committed 80896K, reserved 1179648K
  class space    used 8455K, committed 8576K, reserved 1048576K
}
Event: 21.617 GC heap before
{Heap before GC invocations=27 (full 0):
 garbage-first heap   total 471040K, used 339968K [0x0000000702600000, 0x0000000800000000)
  region size 2048K, 58 young (118784K), 11 survivors (22528K)
 Metaspace       used 87362K, committed 87744K, reserved 1179648K
  class space    used 9076K, committed 9216K, reserved 1048576K
}
Event: 21.709 GC heap after
{Heap after GC invocations=28 (full 0):
 garbage-first heap   total 471040K, used 259149K [0x0000000702600000, 0x0000000800000000)
  region size 2048K, 6 young (12288K), 6 survivors (12288K)
 Metaspace       used 87362K, committed 87744K, reserved 1179648K
  class space    used 9076K, committed 9216K, reserved 1048576K
}
Event: 26.247 GC heap before
{Heap before GC invocations=29 (full 0):
 garbage-first heap   total 471040K, used 410701K [0x0000000702600000, 0x0000000800000000)
  region size 2048K, 80 young (163840K), 6 survivors (12288K)
 Metaspace       used 98912K, committed 99328K, reserved 1179648K
  class space    used 9976K, committed 10176K, reserved 1048576K
}
Event: 26.329 GC heap after
{Heap after GC invocations=30 (full 0):
 garbage-first heap   total 471040K, used 268573K [0x0000000702600000, 0x0000000800000000)
  region size 2048K, 5 young (10240K), 5 survivors (10240K)
 Metaspace       used 98912K, committed 99328K, reserved 1179648K
  class space    used 9976K, committed 10176K, reserved 1048576K
}
Event: 27.120 GC heap before
{Heap before GC invocations=30 (full 0):
 garbage-first heap   total 471040K, used 313629K [0x0000000702600000, 0x0000000800000000)
  region size 2048K, 28 young (57344K), 5 survivors (10240K)
 Metaspace       used 99455K, committed 99840K, reserved 1179648K
  class space    used 9985K, committed 10176K, reserved 1048576K
}
Event: 27.200 GC heap after
{Heap after GC invocations=31 (full 0):
 garbage-first heap   total 471040K, used 271547K [0x0000000702600000, 0x0000000800000000)
  region size 2048K, 7 young (14336K), 7 survivors (14336K)
 Metaspace       used 99455K, committed 99840K, reserved 1179648K
  class space    used 9985K, committed 10176K, reserved 1048576K
}

Dll operation events (3 events):
Event: 0.010 Loaded shared library C:\Program Files\Android\Android Studio\jbr\bin\java.dll
Event: 0.017 Loaded shared library C:\Program Files\Android\Android Studio\jbr\bin\zip.dll
Event: 1.517 Loaded shared library C:\Program Files\Android\Android Studio\jbr\bin\verify.dll

Deoptimization events (20 events):
Event: 27.233 Thread 0x0000024343f9ae70 Uncommon trap: trap_request=0xffffff45 fr.pc=0x0000024351a8801c relative=0x000000000000091c
Event: 27.233 Thread 0x0000024343f9ae70 Uncommon trap: reason=unstable_if action=reinterpret pc=0x0000024351a8801c method=org.jetbrains.kotlin.codegen.optimization.common.OptimizationBasicInterpreter.newOperation(Lorg/jetbrains/org/objectweb/asm/tree/AbstractInsnNode;)Lorg/jetbrains/org/objectw
Event: 27.233 Thread 0x0000024343f9ae70 DEOPT PACKING pc=0x0000024351a8801c sp=0x000000e85caf7f40
Event: 27.233 Thread 0x0000024343f9ae70 DEOPT UNPACKING pc=0x0000024350777da2 sp=0x000000e85caf7f00 mode 2
Event: 27.284 Thread 0x0000024343f9ae70 Uncommon trap: trap_request=0xffffff45 fr.pc=0x0000024351aa9664 relative=0x0000000000001804
Event: 27.284 Thread 0x0000024343f9ae70 Uncommon trap: reason=unstable_if action=reinterpret pc=0x0000024351aa9664 method=org.jetbrains.org.objectweb.asm.Frame.merge(Lorg/jetbrains/org/objectweb/asm/SymbolTable;I[II)Z @ 56 c2
Event: 27.284 Thread 0x0000024343f9ae70 DEOPT PACKING pc=0x0000024351aa9664 sp=0x000000e85cafda60
Event: 27.284 Thread 0x0000024343f9ae70 DEOPT UNPACKING pc=0x0000024350777da2 sp=0x000000e85cafd960 mode 2
Event: 27.284 Thread 0x0000024343f9ae70 Uncommon trap: trap_request=0xffffff45 fr.pc=0x0000024351a4f1a8 relative=0x00000000000001e8
Event: 27.284 Thread 0x0000024343f9ae70 Uncommon trap: reason=unstable_if action=reinterpret pc=0x0000024351a4f1a8 method=org.jetbrains.org.objectweb.asm.Frame.merge(Lorg/jetbrains/org/objectweb/asm/SymbolTable;I[II)Z @ 56 c2
Event: 27.284 Thread 0x0000024343f9ae70 DEOPT PACKING pc=0x0000024351a4f1a8 sp=0x000000e85cafd9d0
Event: 27.284 Thread 0x0000024343f9ae70 DEOPT UNPACKING pc=0x0000024350777da2 sp=0x000000e85cafd958 mode 2
Event: 27.287 Thread 0x0000024343f9ae70 Uncommon trap: trap_request=0xffffff45 fr.pc=0x0000024351a795fc relative=0x000000000000005c
Event: 27.287 Thread 0x0000024343f9ae70 Uncommon trap: reason=unstable_if action=reinterpret pc=0x0000024351a795fc method=org.jetbrains.kotlin.protobuf.CodedOutputStream.computeRawVarint32Size(I)I @ 14 c2
Event: 27.287 Thread 0x0000024343f9ae70 DEOPT PACKING pc=0x0000024351a795fc sp=0x000000e85cafd8e0
Event: 27.287 Thread 0x0000024343f9ae70 DEOPT UNPACKING pc=0x0000024350777da2 sp=0x000000e85cafd878 mode 2
Event: 27.351 Thread 0x0000024343f9ae70 DEOPT PACKING pc=0x000002434d703ceb sp=0x000000e85cafd5e0
Event: 27.351 Thread 0x0000024343f9ae70 DEOPT UNPACKING pc=0x00000243507788e2 sp=0x000000e85cafcb58 mode 0
Event: 28.220 Thread 0x0000024343f9ae70 DEOPT PACKING pc=0x000002434d63b3a8 sp=0x000000e85cafbfe0
Event: 28.220 Thread 0x0000024343f9ae70 DEOPT UNPACKING pc=0x00000243507788e2 sp=0x000000e85cafb500 mode 0

Classes loaded (20 events):
Event: 21.943 Loading class sun/security/jca/GetInstance$Instance
Event: 21.943 Loading class sun/security/jca/GetInstance$Instance done
Event: 21.943 Loading class java/security/MessageDigest$Delegate
Event: 21.943 Loading class sun/security/util/MessageDigestSpi2
Event: 21.943 Loading class sun/security/util/MessageDigestSpi2 done
Event: 21.943 Loading class java/security/MessageDigest$Delegate done
Event: 21.943 Loading class java/security/MessageDigest$Delegate$CloneableDelegate
Event: 21.944 Loading class java/security/MessageDigest$Delegate$CloneableDelegate done
Event: 21.944 Loading class sun/security/provider/ByteArrayAccess$LE
Event: 21.944 Loading class sun/security/provider/ByteArrayAccess$LE done
Event: 21.944 Loading class sun/security/provider/ByteArrayAccess
Event: 21.944 Loading class sun/security/provider/ByteArrayAccess done
Event: 21.945 Loading class java/util/Base64
Event: 21.945 Loading class java/util/Base64 done
Event: 21.945 Loading class java/util/Base64$Encoder
Event: 21.945 Loading class java/util/Base64$Encoder done
Event: 24.622 Loading class java/lang/TypeNotPresentException
Event: 24.622 Loading class java/lang/TypeNotPresentException done
Event: 24.838 Loading class java/util/Vector$Itr
Event: 24.838 Loading class java/util/Vector$Itr done

Classes unloaded (0 events):
No events

Classes redefined (0 events):
No events

Internal exceptions (20 events):
Event: 22.603 Thread 0x0000024343f9ae70 Implicit null exception at 0x00000243517d1ee0 to 0x00000243517d1fa1
Event: 22.603 Thread 0x0000024343f9ae70 Implicit null exception at 0x00000243517c4260 to 0x00000243517c4321
Event: 24.513 Thread 0x0000024343f9ae70 Implicit null exception at 0x00000243518bffdd to 0x00000243518c0074
Event: 24.515 Thread 0x0000024343f9ae70 Implicit null exception at 0x000002435102cb5d to 0x000002435102cbd8
Event: 24.553 Thread 0x0000024343f9ae70 Implicit null exception at 0x00000243510cd95d to 0x00000243510cd9d8
Event: 24.728 Thread 0x0000024343f9ae70 Exception <a 'java/lang/NoSuchMethodError'{0x0000000719a4f588}: 'java.lang.Object java.lang.invoke.DirectMethodHandle$Holder.invokeStatic(java.lang.Object, java.lang.Object, int, int)'> (0x0000000719a4f588) 
thrown [s\src\hotspot\share\interpreter\linkResolver.cpp, line 784]
Event: 24.734 Thread 0x0000024343f9ae70 Exception <a 'java/lang/NoSuchMethodError'{0x0000000719aa4380}: 'java.lang.Object java.lang.invoke.DirectMethodHandle$Holder.invokeStatic(java.lang.Object, int, int)'> (0x0000000719aa4380) 
thrown [s\src\hotspot\share\interpreter\linkResolver.cpp, line 784]
Event: 24.901 Thread 0x0000024343f9ae70 Exception <a 'java/lang/NoSuchMethodError'{0x00000007194271f0}: 'java.lang.Object java.lang.invoke.DirectMethodHandle$Holder.invokeStatic(java.lang.Object, java.lang.Object, java.lang.Object, int, java.lang.Object, java.lang.Object, java.lang.Object, java.lang.Object)'> (0x00000007194271f0) 
thrown [s\src\hotspot\share\interpreter\linkResolver.cpp, line 784]
Event: 24.999 Thread 0x0000024343f9ae70 Exception <a 'java/lang/NoSuchMethodError'{0x0000000719297e18}: 'java.lang.Object java.lang.invoke.DirectMethodHandle$Holder.invokeStatic(java.lang.Object, java.lang.Object, java.lang.Object, java.lang.Object, java.lang.Object, int)'> (0x0000000719297e18) 
thrown [s\src\hotspot\share\interpreter\linkResolver.cpp, line 784]
Event: 25.046 Thread 0x0000024343f9ae70 Exception <a 'java/lang/NoSuchMethodError'{0x00000007193b1ff0}: 'java.lang.Object java.lang.invoke.DirectMethodHandle$Holder.newInvokeSpecial(java.lang.Object, java.lang.Object, java.lang.Object, java.lang.Object, java.lang.Object, int, java.lang.Object)'> (0x00000007193b1ff0) 
thrown [s\src\hotspot\share\interpreter\linkResolver.cpp, line 784]
Event: 25.047 Thread 0x0000024343f9ae70 Exception <a 'java/lang/NoSuchMethodError'{0x00000007193b6f20}: 'java.lang.Object java.lang.invoke.DirectMethodHandle$Holder.invokeSpecial(java.lang.Object, java.lang.Object, java.lang.Object, java.lang.Object, java.lang.Object, java.lang.Object, int, java.lang.Object)'> (0x00000007193b6f20) 
thrown [s\src\hotspot\share\interpreter\linkResolver.cpp, line 784]
Event: 25.047 Thread 0x0000024343f9ae70 Exception <a 'java/lang/NoSuchMethodError'{0x00000007193bb3f0}: 'java.lang.Object java.lang.invoke.Invokers$Holder.linkToTargetMethod(java.lang.Object, java.lang.Object, java.lang.Object, java.lang.Object, int, java.lang.Object, java.lang.Object)'> (0x00000007193bb3f0) 
thrown [s\src\hotspot\share\interpreter\linkResolver.cpp, line 784]
Event: 25.559 Thread 0x0000024343f9ae70 Exception <a 'java/lang/NoSuchMethodError'{0x00000007174353d0}: 'java.lang.Object java.lang.invoke.DirectMethodHandle$Holder.newInvokeSpecial(java.lang.Object, int, int, java.lang.Object)'> (0x00000007174353d0) 
thrown [s\src\hotspot\share\interpreter\linkResolver.cpp, line 784]
Event: 25.559 Thread 0x0000024343f9ae70 Exception <a 'java/lang/NoSuchMethodError'{0x000000071743cbd0}: 'java.lang.Object java.lang.invoke.Invokers$Holder.linkToTargetMethod(int, int, java.lang.Object, java.lang.Object)'> (0x000000071743cbd0) 
thrown [s\src\hotspot\share\interpreter\linkResolver.cpp, line 784]
Event: 25.561 Thread 0x0000024343f9ae70 Exception <a 'java/lang/NoSuchMethodError'{0x0000000717446a60}: 'java.lang.Object java.lang.invoke.DirectMethodHandle$Holder.invokeStatic(java.lang.Object, java.lang.Object, int, int, java.lang.Object)'> (0x0000000717446a60) 
thrown [s\src\hotspot\share\interpreter\linkResolver.cpp, line 784]
Event: 25.562 Thread 0x0000024343f9ae70 Exception <a 'java/lang/NoSuchMethodError'{0x000000071744d868}: 'java.lang.Object java.lang.invoke.DirectMethodHandle$Holder.newInvokeSpecial(java.lang.Object, java.lang.Object, int, int)'> (0x000000071744d868) 
thrown [s\src\hotspot\share\interpreter\linkResolver.cpp, line 784]
Event: 25.563 Thread 0x0000024343f9ae70 Exception <a 'java/lang/NoSuchMethodError'{0x0000000717451d68}: 'java.lang.Object java.lang.invoke.DirectMethodHandle$Holder.invokeSpecial(java.lang.Object, java.lang.Object, java.lang.Object, int, int)'> (0x0000000717451d68) 
thrown [s\src\hotspot\share\interpreter\linkResolver.cpp, line 784]
Event: 25.563 Thread 0x0000024343f9ae70 Exception <a 'java/lang/NoSuchMethodError'{0x0000000717455be0}: 'java.lang.Object java.lang.invoke.Invokers$Holder.linkToTargetMethod(java.lang.Object, int, int, java.lang.Object)'> (0x0000000717455be0) 
thrown [s\src\hotspot\share\interpreter\linkResolver.cpp, line 784]
Event: 25.979 Thread 0x0000024343f9ae70 Implicit null exception at 0x00000243519d51c2 to 0x00000243519d8d08
Event: 26.103 Thread 0x0000024343f9ae70 Implicit null exception at 0x00000243519798de to 0x000002435197990e

ZGC Phase Switch (0 events):
No events

VM Operations (20 events):
Event: 25.969 Executing VM operation: HandshakeAllThreads (Deoptimize)
Event: 25.969 Executing VM operation: HandshakeAllThreads (Deoptimize) done
Event: 26.092 Executing VM operation: HandshakeAllThreads (Deoptimize)
Event: 26.092 Executing VM operation: HandshakeAllThreads (Deoptimize) done
Event: 26.135 Executing VM operation: ICBufferFull
Event: 26.135 Executing VM operation: ICBufferFull done
Event: 26.247 Executing VM operation: G1CollectForAllocation (G1 Evacuation Pause)
Event: 26.330 Executing VM operation: G1CollectForAllocation (G1 Evacuation Pause) done
Event: 26.651 Executing VM operation: ICBufferFull
Event: 26.651 Executing VM operation: ICBufferFull done
Event: 26.800 Executing VM operation: ICBufferFull
Event: 26.800 Executing VM operation: ICBufferFull done
Event: 26.971 Executing VM operation: ICBufferFull
Event: 26.972 Executing VM operation: ICBufferFull done
Event: 27.119 Executing VM operation: G1TryInitiateConcMark (CodeCache GC Threshold)
Event: 27.201 Executing VM operation: G1TryInitiateConcMark (CodeCache GC Threshold) done
Event: 27.685 Executing VM operation: G1PauseRemark
Event: 28.091 Executing VM operation: G1PauseRemark done
Event: 28.316 Executing VM operation: G1PauseCleanup
Event: 28.334 Executing VM operation: G1PauseCleanup done

Events (20 events):
Event: 28.089 Thread 0x000002435fec3560 flushing nmethod 0x0000024350cf5710
Event: 28.089 Thread 0x000002435fec3560 flushing nmethod 0x0000024350cf4290
Event: 28.089 Thread 0x000002435fec3560 flushing nmethod 0x0000024350cf0890
Event: 28.089 Thread 0x000002435fec3560 flushing nmethod 0x0000024350ce6c10
Event: 28.089 Thread 0x000002435fec3560 flushing nmethod 0x0000024350ce5710
Event: 28.090 Thread 0x000002435fec3560 flushing nmethod 0x0000024350ce5010
Event: 28.090 Thread 0x000002435fec3560 flushing nmethod 0x0000024350ce4a10
Event: 28.090 Thread 0x000002435fec3560 flushing nmethod 0x0000024350ce4210
Event: 28.090 Thread 0x000002435fec3560 flushing nmethod 0x0000024350ce7910
Event: 28.090 Thread 0x000002435fec3560 flushing nmethod 0x0000024350ce3910
Event: 28.090 Thread 0x000002435fec3560 flushing nmethod 0x0000024350ce6f10
Event: 28.090 Thread 0x000002435fec3560 flushing nmethod 0x0000024350cdef90
Event: 28.090 Thread 0x000002435fec3560 flushing nmethod 0x0000024350cd9410
Event: 28.090 Thread 0x000002435fec3560 flushing nmethod 0x0000024350cd3790
Event: 28.090 Thread 0x000002435fec3560 flushing nmethod 0x0000024350cc3d90
Event: 28.090 Thread 0x000002435fec3560 flushing nmethod 0x0000024350cc2710
Event: 28.090 Thread 0x000002435fec3560 flushing nmethod 0x0000024350cc4b10
Event: 28.090 Thread 0x000002435fec3560 flushing nmethod 0x0000024350cc4310
Event: 28.097 Thread 0x00000243746ad990 Thread added: 0x00000243746ad990
Event: 28.223 Thread 0x00000243746aa9e0 Thread added: 0x00000243746aa9e0


Dynamic libraries:
0x00007ff690780000 - 0x00007ff69078a000 	C:\Program Files\Android\Android Studio\jbr\bin\java.exe
0x00007ff881230000 - 0x00007ff881428000 	C:\Windows\SYSTEM32\ntdll.dll
0x00007ff880bf0000 - 0x00007ff880cb2000 	C:\Windows\System32\KERNEL32.DLL
0x00007ff87eb10000 - 0x00007ff87ee0e000 	C:\Windows\System32\KERNELBASE.dll
0x00007ff87f120000 - 0x00007ff87f220000 	C:\Windows\System32\ucrtbase.dll
0x00007ff875e80000 - 0x00007ff875e9b000 	C:\Program Files\Android\Android Studio\jbr\bin\VCRUNTIME140.dll
0x00007ff84c630000 - 0x00007ff84c648000 	C:\Program Files\Android\Android Studio\jbr\bin\jli.dll
0x00007ff880240000 - 0x00007ff8803dd000 	C:\Windows\System32\USER32.dll
0x00007ff87eae0000 - 0x00007ff87eb02000 	C:\Windows\System32\win32u.dll
0x00007ff868960000 - 0x00007ff868bfa000 	C:\Windows\WinSxS\amd64_microsoft.windows.common-controls_6595b64144ccf1df_6.0.19041.4355_none_60b8b9eb71f62e16\COMCTL32.dll
0x00007ff87f4a0000 - 0x00007ff87f4cb000 	C:\Windows\System32\GDI32.dll
0x00007ff881150000 - 0x00007ff8811ee000 	C:\Windows\System32\msvcrt.dll
0x00007ff87ee80000 - 0x00007ff87ef97000 	C:\Windows\System32\gdi32full.dll
0x00007ff87f030000 - 0x00007ff87f0cd000 	C:\Windows\System32\msvcp_win.dll
0x00007ff87f410000 - 0x00007ff87f43f000 	C:\Windows\System32\IMM32.DLL
0x00007ff879e10000 - 0x00007ff879e1c000 	C:\Program Files\Android\Android Studio\jbr\bin\vcruntime140_1.dll
0x00007ff8392e0000 - 0x00007ff83936d000 	C:\Program Files\Android\Android Studio\jbr\bin\msvcp140.dll
0x00007fffe8150000 - 0x00007fffe8dcd000 	C:\Program Files\Android\Android Studio\jbr\bin\server\jvm.dll
0x00007ff8805a0000 - 0x00007ff880651000 	C:\Windows\System32\ADVAPI32.dll
0x00007ff87f8f0000 - 0x00007ff87f98f000 	C:\Windows\System32\sechost.dll
0x00007ff87f9a0000 - 0x00007ff87fac3000 	C:\Windows\System32\RPCRT4.dll
0x00007ff87f220000 - 0x00007ff87f247000 	C:\Windows\System32\bcrypt.dll
0x00007ff8804d0000 - 0x00007ff88053b000 	C:\Windows\System32\WS2_32.dll
0x00007ff870610000 - 0x00007ff870637000 	C:\Windows\SYSTEM32\WINMM.dll
0x00007ff87e1f0000 - 0x00007ff87e23b000 	C:\Windows\SYSTEM32\POWRPROF.dll
0x00007ff875740000 - 0x00007ff87574a000 	C:\Windows\SYSTEM32\VERSION.dll
0x00007ff87e1d0000 - 0x00007ff87e1e2000 	C:\Windows\SYSTEM32\UMPDC.dll
0x00007ff87d0b0000 - 0x00007ff87d0c2000 	C:\Windows\SYSTEM32\kernel.appcore.dll
0x00007ff875730000 - 0x00007ff87573a000 	C:\Program Files\Android\Android Studio\jbr\bin\jimage.dll
0x00007ff87c3e0000 - 0x00007ff87c5c4000 	C:\Windows\SYSTEM32\DBGHELP.DLL
0x00007ff855ad0000 - 0x00007ff855b04000 	C:\Windows\SYSTEM32\dbgcore.DLL
0x00007ff87efa0000 - 0x00007ff87f022000 	C:\Windows\System32\bcryptPrimitives.dll
0x00007ff8745c0000 - 0x00007ff8745df000 	C:\Program Files\Android\Android Studio\jbr\bin\java.dll
0x00007ff86ed00000 - 0x00007ff86ed18000 	C:\Program Files\Android\Android Studio\jbr\bin\zip.dll
0x00007ff87fad0000 - 0x00007ff88023d000 	C:\Windows\System32\SHELL32.dll
0x00007ff87c8f0000 - 0x00007ff87d094000 	C:\Windows\SYSTEM32\windows.storage.dll
0x00007ff87f4e0000 - 0x00007ff87f833000 	C:\Windows\System32\combase.dll
0x00007ff87e1a0000 - 0x00007ff87e1ce000 	C:\Windows\SYSTEM32\Wldp.dll
0x00007ff880dc0000 - 0x00007ff880e8d000 	C:\Windows\System32\OLEAUT32.dll
0x00007ff87f840000 - 0x00007ff87f8ed000 	C:\Windows\System32\SHCORE.dll
0x00007ff87f440000 - 0x00007ff87f495000 	C:\Windows\System32\shlwapi.dll
0x00007ff87e800000 - 0x00007ff87e824000 	C:\Windows\SYSTEM32\profapi.dll
0x00007ff875720000 - 0x00007ff875730000 	C:\Program Files\Android\Android Studio\jbr\bin\net.dll
0x00007ff87b0d0000 - 0x00007ff87b1dd000 	C:\Windows\SYSTEM32\WINHTTP.dll
0x00007ff87df90000 - 0x00007ff87dffa000 	C:\Windows\system32\mswsock.dll
0x00007ff86ece0000 - 0x00007ff86ecf6000 	C:\Program Files\Android\Android Studio\jbr\bin\nio.dll
0x00007ff872480000 - 0x00007ff872490000 	C:\Program Files\Android\Android Studio\jbr\bin\verify.dll

dbghelp: loaded successfully - version: 4.0.5 - missing functions: none
symbol engine: initialized successfully - sym options: 0x614 - pdb path: .;C:\Program Files\Android\Android Studio\jbr\bin;C:\Windows\SYSTEM32;C:\Windows\WinSxS\amd64_microsoft.windows.common-controls_6595b64144ccf1df_6.0.19041.4355_none_60b8b9eb71f62e16;C:\Program Files\Android\Android Studio\jbr\bin\server

VM Arguments:
java_command: org.jetbrains.kotlin.cli.jvm.K2JVMCompiler @C:\Users\pc\AndroidStudioProjects\Fooddelivery\app\build\20250108_9200982396013487632.compiler.options
java_class_path (initial): C:\Users\pc\.gradle\caches\modules-2\files-2.1\org.jetbrains.kotlin\kotlin-compiler-embeddable\2.1.0\988bf980588bbbcfa1ba19c1ffd7aa869b335a31\kotlin-compiler-embeddable-2.1.0.jar;C:\Users\pc\.gradle\caches\modules-2\files-2.1\org.jetbrains.kotlin\kotlin-stdlib\2.1.0\85f8b81009cda5890e54ba67d64b5e599c645020\kotlin-stdlib-2.1.0.jar;C:\Users\pc\.gradle\caches\modules-2\files-2.1\org.jetbrains.kotlin\kotlin-script-runtime\2.1.0\5909da8c57b75a117714ab0e348c86101b7a3284\kotlin-script-runtime-2.1.0.jar;C:\Users\pc\.gradle\caches\modules-2\files-2.1\org.jetbrains.kotlin\kotlin-reflect\1.6.10\1cbe9c92c12a94eea200d23c2bbaedaf3daf5132\kotlin-reflect-1.6.10.jar;C:\Users\pc\.gradle\caches\modules-2\files-2.1\org.jetbrains.kotlin\kotlin-daemon-embeddable\2.1.0\420bae1908e4a353f5b56c3c850d24d86367b25d\kotlin-daemon-embeddable-2.1.0.jar;C:\Users\pc\.gradle\caches\modules-2\files-2.1\org.jetbrains.intellij.deps\trove4j\1.0.20200330\3afb14d5f9ceb459d724e907a21145e8ff394f02\trove4j-1.0.20200330.jar;C:\Users\pc\.gradle\caches\modules-2\files-2.1\org.jetbrains.kotlinx\kotlinx-coroutines-core-jvm\1.6.4\2c997cd1c0ef33f3e751d3831929aeff1390cb30\kotlinx-coroutines-core-jvm-1.6.4.jar;C:\Users\pc\.gradle\caches\modules-2\files-2.1\org.jetbrains\annotations\13.0\919f0dfe192fb4e063e7dacadee7f8bb9a2672a9\annotations-13.0.jar
Launcher Type: SUN_STANDARD

[Global flags]
     intx CICompilerCount                          = 4                                         {product} {ergonomic}
     uint ConcGCThreads                            = 2                                         {product} {ergonomic}
     uint G1ConcRefinementThreads                  = 8                                         {product} {ergonomic}
   size_t G1HeapRegionSize                         = 2097152                                   {product} {ergonomic}
    uintx GCDrainStackTargetSize                   = 64                                        {product} {ergonomic}
   size_t InitialHeapSize                          = 266338304                                 {product} {ergonomic}
   size_t MarkStackSize                            = 4194304                                   {product} {ergonomic}
   size_t MaxHeapSize                              = 4255121408                                {product} {ergonomic}
   size_t MaxNewSize                               = 2552233984                                {product} {ergonomic}
   size_t MinHeapDeltaBytes                        = 2097152                                   {product} {ergonomic}
   size_t MinHeapSize                              = 8388608                                   {product} {ergonomic}
    uintx NonNMethodCodeHeapSize                   = 5839372                                {pd product} {ergonomic}
    uintx NonProfiledCodeHeapSize                  = 122909434                              {pd product} {ergonomic}
    uintx ProfiledCodeHeapSize                     = 122909434                              {pd product} {ergonomic}
    uintx ReservedCodeCacheSize                    = 251658240                              {pd product} {ergonomic}
     bool SegmentedCodeCache                       = true                                      {product} {ergonomic}
   size_t SoftMaxHeapSize                          = 4255121408                             {manageable} {ergonomic}
     bool UseCompressedOops                        = true                           {product lp64_product} {ergonomic}
     bool UseG1GC                                  = true                                      {product} {ergonomic}
     bool UseLargePagesIndividualAllocation        = false                                  {pd product} {ergonomic}

Logging:
Log output configuration:
 #0: stdout all=warning uptime,level,tags foldmultilines=false
 #1: stderr all=off uptime,level,tags foldmultilines=false

Environment Variables:
PATH=C:\Program Files\Common Files\Oracle\Java\javapath;C:\app\pc\product\21c\dbhomeXE\bin;C:\Windows\system32;C:\Windows;C:\Windows\System32\Wbem;C:\Windows\System32\WindowsPowerShell\v1.0\;C:\Windows\System32\OpenSSH\;C:\Program Files\Git\cmd;C:\Users\pc\AppData\Local\Microsoft\WindowsApps;C:\Users\pc\AppData\Local\Programs\Microsoft VS Code\bin;C:\Users\pc\AppData\Local\GitHubDesktop\bin;C:\Program Files\Java\jdk-21\bin;
USERNAME=pc
OS=Windows_NT
PROCESSOR_IDENTIFIER=Intel64 Family 6 Model 140 Stepping 1, GenuineIntel
TMP=C:\Users\pc\AppData\Local\Temp
TEMP=C:\Users\pc\AppData\Local\Temp




Periodic native trim disabled

JNI global refs:
JNI global refs: 13, weak refs: 9

JNI global refs memory usage: 835, weak refs: 833

Process memory usage:
Resident Set Size: 825928K (4% of 16615684K total physical memory with 864380K free physical memory)

OOME stack traces (most recent first):
Classloader memory used:
Loader jdk.internal.loader.ClassLoaders$AppClassLoader                                 : 84173K
Loader bootstrap                                                                       : 11697K
Loader java.net.URLClassLoader                                                         : 3751K

---------------  S Y S T E M  ---------------

OS:
 Windows 10 , 64 bit Build 19041 (10.0.19041.5198)
OS uptime: 3 days 8:27 hours
Hyper-V role detected

CPU: total 8 (initial active 8) (4 cores per cpu, 2 threads per core) family 6 model 140 stepping 1 microcode 0xb8, cx8, cmov, fxsr, ht, mmx, 3dnowpref, sse, sse2, sse3, ssse3, sse4.1, sse4.2, popcnt, lzcnt, tsc, tscinvbit, avx, avx2, aes, erms, clmul, bmi1, bmi2, adx, avx512f, avx512dq, avx512cd, avx512bw, avx512vl, sha, fma, vzeroupper, avx512_vpopcntdq, avx512_vpclmulqdq, avx512_vaes, avx512_vnni, clflush, clflushopt, clwb, avx512_vbmi2, avx512_vbmi, hv, rdtscp, rdpid, fsrm, gfni, avx512_bitalg, f16c, cet_ibt, cet_ss, avx512_ifma
Processor Information for processor 0
  Max Mhz: 2611, Current Mhz: 903, Mhz Limit: 2611
Processor Information for processor 1
  Max Mhz: 2611, Current Mhz: 2611, Mhz Limit: 2611
Processor Information for processor 2
  Max Mhz: 2611, Current Mhz: 903, Mhz Limit: 2611
Processor Information for processor 3
  Max Mhz: 2611, Current Mhz: 903, Mhz Limit: 2611
Processor Information for processor 4
  Max Mhz: 2611, Current Mhz: 903, Mhz Limit: 2611
Processor Information for processor 5
  Max Mhz: 2611, Current Mhz: 903, Mhz Limit: 2611
Processor Information for processor 6
  Max Mhz: 2611, Current Mhz: 903, Mhz Limit: 2611
Processor Information for processor 7
  Max Mhz: 2611, Current Mhz: 903, Mhz Limit: 2611

Memory: 4k page, system-wide physical 16226M (840M free)
TotalPageFile size 20205M (AvailPageFile size 5M)
current process WorkingSet (physical memory assigned to process): 806M, peak: 806M
current process commit charge ("private bytes"): 833M, peak: 834M

vm_info: OpenJDK 64-Bit Server VM (21.0.3+-12282718-b509.11) for windows-amd64 JRE (21.0.3+-12282718-b509.11), built on 2024-08-27T17:34:15Z by "builder" with MS VC++ 16.10 / 16.11 (VS2019)

END.
